mode: set
github.com/optimizely/go-sdk/v2/pkg/cmab/client.go:104.69,106.23 2 1
github.com/optimizely/go-sdk/v2/pkg/cmab/client.go:106.23,110.3 1 1
github.com/optimizely/go-sdk/v2/pkg/cmab/client.go:114.2,117.19 3 1
github.com/optimizely/go-sdk/v2/pkg/cmab/client.go:117.19,119.3 1 1
github.com/optimizely/go-sdk/v2/pkg/cmab/client.go:121.2,125.3 1 1
github.com/optimizely/go-sdk/v2/pkg/cmab/client.go:134.19,141.37 3 1
github.com/optimizely/go-sdk/v2/pkg/cmab/client.go:141.37,147.3 1 1
github.com/optimizely/go-sdk/v2/pkg/cmab/client.go:150.2,163.16 3 1
github.com/optimizely/go-sdk/v2/pkg/cmab/client.go:163.16,165.3 1 0
github.com/optimizely/go-sdk/v2/pkg/cmab/client.go:168.2,168.26 1 1
github.com/optimizely/go-sdk/v2/pkg/cmab/client.go:168.26,170.3 1 1
github.com/optimizely/go-sdk/v2/pkg/cmab/client.go:173.2,174.49 2 1
github.com/optimizely/go-sdk/v2/pkg/cmab/client.go:174.49,177.17 2 1
github.com/optimizely/go-sdk/v2/pkg/cmab/client.go:177.17,179.4 1 1
github.com/optimizely/go-sdk/v2/pkg/cmab/client.go:181.3,184.35 2 1
github.com/optimizely/go-sdk/v2/pkg/cmab/client.go:184.35,189.4 2 1
github.com/optimizely/go-sdk/v2/pkg/cmab/client.go:192.3,193.49 2 1
github.com/optimizely/go-sdk/v2/pkg/cmab/client.go:193.49,195.4 1 0
github.com/optimizely/go-sdk/v2/pkg/cmab/client.go:197.3,201.10 2 1
github.com/optimizely/go-sdk/v2/pkg/cmab/client.go:202.38,203.105 1 0
github.com/optimizely/go-sdk/v2/pkg/cmab/client.go:204.38,204.38 0 1
github.com/optimizely/go-sdk/v2/pkg/cmab/client.go:208.3,209.40 1 1
github.com/optimizely/go-sdk/v2/pkg/cmab/client.go:213.2,213.113 1 1
github.com/optimizely/go-sdk/v2/pkg/cmab/client.go:217.104,220.16 2 1
github.com/optimizely/go-sdk/v2/pkg/cmab/client.go:220.16,222.3 1 0
github.com/optimizely/go-sdk/v2/pkg/cmab/client.go:225.2,229.16 3 1
github.com/optimizely/go-sdk/v2/pkg/cmab/client.go:229.16,231.3 1 1
github.com/optimizely/go-sdk/v2/pkg/cmab/client.go:232.2,235.53 2 1
github.com/optimizely/go-sdk/v2/pkg/cmab/client.go:235.53,237.3 1 1
github.com/optimizely/go-sdk/v2/pkg/cmab/client.go:240.2,241.16 2 1
github.com/optimizely/go-sdk/v2/pkg/cmab/client.go:241.16,243.3 1 0
github.com/optimizely/go-sdk/v2/pkg/cmab/client.go:246.2,247.64 2 1
github.com/optimizely/go-sdk/v2/pkg/cmab/client.go:247.64,249.3 1 1
github.com/optimizely/go-sdk/v2/pkg/cmab/client.go:252.2,252.39 1 1
github.com/optimizely/go-sdk/v2/pkg/cmab/client.go:252.39,254.3 1 1
github.com/optimizely/go-sdk/v2/pkg/cmab/client.go:257.2,257.53 1 1
github.com/optimizely/go-sdk/v2/pkg/cmab/client.go:261.70,263.2 1 1
github.com/optimizely/go-sdk/v2/pkg/cmab/config.go:41.32,53.2 1 1
github.com/optimizely/go-sdk/v2/pkg/cmab/errors.go:29.51,33.2 1 0
github.com/optimizely/go-sdk/v2/pkg/cmab/service.go:49.72,51.19 2 1
github.com/optimizely/go-sdk/v2/pkg/cmab/service.go:51.19,53.3 1 1
github.com/optimizely/go-sdk/v2/pkg/cmab/service.go:55.2,59.3 1 1
github.com/optimizely/go-sdk/v2/pkg/cmab/service.go:68.21,76.66 3 1
github.com/optimizely/go-sdk/v2/pkg/cmab/service.go:76.66,79.17 3 1
github.com/optimizely/go-sdk/v2/pkg/cmab/service.go:79.17,81.4 1 0
github.com/optimizely/go-sdk/v2/pkg/cmab/service.go:82.3,83.23 2 1
github.com/optimizely/go-sdk/v2/pkg/cmab/service.go:87.2,87.65 1 1
github.com/optimizely/go-sdk/v2/pkg/cmab/service.go:87.65,90.3 2 1
github.com/optimizely/go-sdk/v2/pkg/cmab/service.go:93.2,96.74 2 1
github.com/optimizely/go-sdk/v2/pkg/cmab/service.go:96.74,99.3 2 1
github.com/optimizely/go-sdk/v2/pkg/cmab/service.go:102.2,103.16 2 1
github.com/optimizely/go-sdk/v2/pkg/cmab/service.go:103.16,106.3 2 0
github.com/optimizely/go-sdk/v2/pkg/cmab/service.go:107.2,109.16 3 1
github.com/optimizely/go-sdk/v2/pkg/cmab/service.go:109.16,112.3 2 0
github.com/optimizely/go-sdk/v2/pkg/cmab/service.go:113.2,117.24 3 1
github.com/optimizely/go-sdk/v2/pkg/cmab/service.go:117.24,119.51 1 1
github.com/optimizely/go-sdk/v2/pkg/cmab/service.go:119.51,121.49 1 1
github.com/optimizely/go-sdk/v2/pkg/cmab/service.go:121.49,129.5 3 1
github.com/optimizely/go-sdk/v2/pkg/cmab/service.go:132.4,133.71 2 1
github.com/optimizely/go-sdk/v2/pkg/cmab/service.go:138.2,139.16 2 1
github.com/optimizely/go-sdk/v2/pkg/cmab/service.go:139.16,143.3 2 1
github.com/optimizely/go-sdk/v2/pkg/cmab/service.go:146.2,156.22 5 1
github.com/optimizely/go-sdk/v2/pkg/cmab/service.go:164.21,171.16 5 1
github.com/optimizely/go-sdk/v2/pkg/cmab/service.go:171.16,178.3 3 1
github.com/optimizely/go-sdk/v2/pkg/cmab/service.go:180.2,185.8 2 1
github.com/optimizely/go-sdk/v2/pkg/cmab/service.go:193.26,198.48 3 1
github.com/optimizely/go-sdk/v2/pkg/cmab/service.go:198.48,200.3 1 1
github.com/optimizely/go-sdk/v2/pkg/cmab/service.go:203.2,206.47 2 1
github.com/optimizely/go-sdk/v2/pkg/cmab/service.go:206.47,209.17 2 1
github.com/optimizely/go-sdk/v2/pkg/cmab/service.go:209.17,211.12 2 1
github.com/optimizely/go-sdk/v2/pkg/cmab/service.go:214.3,214.68 1 1
github.com/optimizely/go-sdk/v2/pkg/cmab/service.go:214.68,216.4 1 1
github.com/optimizely/go-sdk/v2/pkg/cmab/service.go:219.2,219.27 1 1
github.com/optimizely/go-sdk/v2/pkg/cmab/service.go:223.99,226.16 2 1
github.com/optimizely/go-sdk/v2/pkg/cmab/service.go:226.16,228.3 1 0
github.com/optimizely/go-sdk/v2/pkg/cmab/service.go:230.2,230.31 1 1
github.com/optimizely/go-sdk/v2/pkg/cmab/service.go:234.72,237.2 1 1
github.com/optimizely/go-sdk/v2/pkg/cmab/service.go:240.85,241.20 1 1
github.com/optimizely/go-sdk/v2/pkg/cmab/service.go:241.20,243.3 1 0
github.com/optimizely/go-sdk/v2/pkg/cmab/service.go:245.2,245.16 1 1
github.com/optimizely/go-sdk/v2/pkg/cmab/service.go:246.30,247.33 1 1
github.com/optimizely/go-sdk/v2/pkg/cmab/service.go:248.29,249.32 1 1
github.com/optimizely/go-sdk/v2/pkg/cmab/service.go:250.38,251.41 1 1
github.com/optimizely/go-sdk/v2/pkg/cmab/service.go:252.10,253.15 1 0
