mode: set
github.com/optimizely/go-sdk/v2/pkg/decision/composite_experiment_service.go:31.82,32.45 1 1
github.com/optimizely/go-sdk/v2/pkg/decision/composite_experiment_service.go:32.45,34.3 1 1
github.com/optimizely/go-sdk/v2/pkg/decision/composite_experiment_service.go:38.77,39.45 1 1
github.com/optimizely/go-sdk/v2/pkg/decision/composite_experiment_service.go:39.45,41.3 1 1
github.com/optimizely/go-sdk/v2/pkg/decision/composite_experiment_service.go:45.55,46.45 1 1
github.com/optimizely/go-sdk/v2/pkg/decision/composite_experiment_service.go:46.45,48.3 1 1
github.com/optimizely/go-sdk/v2/pkg/decision/composite_experiment_service.go:67.105,78.30 2 1
github.com/optimizely/go-sdk/v2/pkg/decision/composite_experiment_service.go:78.30,80.3 1 1
github.com/optimizely/go-sdk/v2/pkg/decision/composite_experiment_service.go:82.2,86.53 2 1
github.com/optimizely/go-sdk/v2/pkg/decision/composite_experiment_service.go:86.53,89.3 2 1
github.com/optimizely/go-sdk/v2/pkg/decision/composite_experiment_service.go:92.2,96.58 4 1
github.com/optimizely/go-sdk/v2/pkg/decision/composite_experiment_service.go:96.58,99.3 2 1
github.com/optimizely/go-sdk/v2/pkg/decision/composite_experiment_service.go:99.8,101.3 1 1
github.com/optimizely/go-sdk/v2/pkg/decision/composite_experiment_service.go:103.2,104.35 2 1
github.com/optimizely/go-sdk/v2/pkg/decision/composite_experiment_service.go:108.204,112.57 3 1
github.com/optimizely/go-sdk/v2/pkg/decision/composite_experiment_service.go:112.57,119.17 4 1
github.com/optimizely/go-sdk/v2/pkg/decision/composite_experiment_service.go:119.17,121.4 1 1
github.com/optimizely/go-sdk/v2/pkg/decision/composite_experiment_service.go:124.3,124.32 1 1
github.com/optimizely/go-sdk/v2/pkg/decision/composite_experiment_service.go:124.32,126.4 1 1
github.com/optimizely/go-sdk/v2/pkg/decision/composite_experiment_service.go:132.2,132.36 1 1
github.com/optimizely/go-sdk/v2/pkg/decision/composite_feature_service.go:33.119,41.2 1 0
github.com/optimizely/go-sdk/v2/pkg/decision/composite_feature_service.go:44.194,48.59 4 0
github.com/optimizely/go-sdk/v2/pkg/decision/composite_feature_service.go:48.59,52.17 4 0
github.com/optimizely/go-sdk/v2/pkg/decision/composite_feature_service.go:52.17,57.4 3 0
github.com/optimizely/go-sdk/v2/pkg/decision/composite_feature_service.go:59.3,59.39 1 0
github.com/optimizely/go-sdk/v2/pkg/decision/composite_feature_service.go:59.39,61.4 1 0
github.com/optimizely/go-sdk/v2/pkg/decision/composite_feature_service.go:63.2,63.38 1 0
github.com/optimizely/go-sdk/v2/pkg/decision/composite_service.go:42.96,43.35 1 0
github.com/optimizely/go-sdk/v2/pkg/decision/composite_service.go:43.35,45.3 1 0
github.com/optimizely/go-sdk/v2/pkg/decision/composite_service.go:49.84,55.31 2 0
github.com/optimizely/go-sdk/v2/pkg/decision/composite_service.go:55.31,57.3 1 0
github.com/optimizely/go-sdk/v2/pkg/decision/composite_service.go:59.2,59.56 1 0
github.com/optimizely/go-sdk/v2/pkg/decision/composite_service.go:59.56,61.3 1 0
github.com/optimizely/go-sdk/v2/pkg/decision/composite_service.go:62.2,64.25 2 0
github.com/optimizely/go-sdk/v2/pkg/decision/composite_service.go:68.201,73.2 4 0
github.com/optimizely/go-sdk/v2/pkg/decision/composite_service.go:76.244,79.150 3 0
github.com/optimizely/go-sdk/v2/pkg/decision/composite_service.go:79.150,81.3 1 0
github.com/optimizely/go-sdk/v2/pkg/decision/composite_service.go:83.2,84.33 2 0
github.com/optimizely/go-sdk/v2/pkg/decision/composite_service.go:84.33,89.42 2 0
github.com/optimizely/go-sdk/v2/pkg/decision/composite_service.go:89.42,91.4 1 0
github.com/optimizely/go-sdk/v2/pkg/decision/composite_service.go:93.3,98.63 2 0
github.com/optimizely/go-sdk/v2/pkg/decision/composite_service.go:98.63,100.4 1 0
github.com/optimizely/go-sdk/v2/pkg/decision/composite_service.go:102.3,102.95 1 0
github.com/optimizely/go-sdk/v2/pkg/decision/composite_service.go:102.95,104.4 1 0
github.com/optimizely/go-sdk/v2/pkg/decision/composite_service.go:107.2,107.41 1 0
github.com/optimizely/go-sdk/v2/pkg/decision/composite_service.go:111.101,112.39 1 0
github.com/optimizely/go-sdk/v2/pkg/decision/composite_service.go:112.39,113.82 1 0
github.com/optimizely/go-sdk/v2/pkg/decision/composite_service.go:113.82,115.4 1 0
github.com/optimizely/go-sdk/v2/pkg/decision/composite_service.go:115.9,117.4 1 0
github.com/optimizely/go-sdk/v2/pkg/decision/composite_service.go:119.2,120.16 2 0
github.com/optimizely/go-sdk/v2/pkg/decision/composite_service.go:120.16,123.3 2 0
github.com/optimizely/go-sdk/v2/pkg/decision/composite_service.go:124.2,124.16 1 0
github.com/optimizely/go-sdk/v2/pkg/decision/composite_service.go:128.58,129.86 1 0
github.com/optimizely/go-sdk/v2/pkg/decision/composite_service.go:129.86,132.3 2 0
github.com/optimizely/go-sdk/v2/pkg/decision/composite_service.go:133.2,133.12 1 0
github.com/optimizely/go-sdk/v2/pkg/decision/entities.go:88.62,93.2 1 0
github.com/optimizely/go-sdk/v2/pkg/decision/experiment_bucketer_service.go:39.100,46.2 1 1
github.com/optimizely/go-sdk/v2/pkg/decision/experiment_bucketer_service.go:49.202,58.17 6 0
github.com/optimizely/go-sdk/v2/pkg/decision/experiment_bucketer_service.go:58.17,63.3 4 0
github.com/optimizely/go-sdk/v2/pkg/decision/experiment_bucketer_service.go:65.2,66.30 2 0
github.com/optimizely/go-sdk/v2/pkg/decision/experiment_bucketer_service.go:66.30,69.3 1 0
github.com/optimizely/go-sdk/v2/pkg/decision/experiment_bucketer_service.go:71.2,72.16 2 0
github.com/optimizely/go-sdk/v2/pkg/decision/experiment_bucketer_service.go:72.16,75.3 2 0
github.com/optimizely/go-sdk/v2/pkg/decision/experiment_bucketer_service.go:77.2,77.35 1 0
github.com/optimizely/go-sdk/v2/pkg/decision/experiment_bucketer_service.go:77.35,79.3 1 0
github.com/optimizely/go-sdk/v2/pkg/decision/experiment_bucketer_service.go:81.2,84.41 4 0
github.com/optimizely/go-sdk/v2/pkg/decision/experiment_cmab_service.go:47.89,85.2 8 1
github.com/optimizely/go-sdk/v2/pkg/decision/experiment_cmab_service.go:88.228,94.23 4 0
github.com/optimizely/go-sdk/v2/pkg/decision/experiment_cmab_service.go:94.23,95.47 1 0
github.com/optimizely/go-sdk/v2/pkg/decision/experiment_cmab_service.go:95.47,97.4 1 0
github.com/optimizely/go-sdk/v2/pkg/decision/experiment_cmab_service.go:98.3,98.40 1 0
github.com/optimizely/go-sdk/v2/pkg/decision/experiment_cmab_service.go:101.2,101.26 1 0
github.com/optimizely/go-sdk/v2/pkg/decision/experiment_cmab_service.go:101.26,103.3 1 0
github.com/optimizely/go-sdk/v2/pkg/decision/experiment_cmab_service.go:106.2,106.26 1 0
github.com/optimizely/go-sdk/v2/pkg/decision/experiment_cmab_service.go:106.26,110.3 3 0
github.com/optimizely/go-sdk/v2/pkg/decision/experiment_cmab_service.go:113.2,116.17 3 0
github.com/optimizely/go-sdk/v2/pkg/decision/experiment_cmab_service.go:116.17,121.3 4 0
github.com/optimizely/go-sdk/v2/pkg/decision/experiment_cmab_service.go:124.2,125.30 2 0
github.com/optimizely/go-sdk/v2/pkg/decision/experiment_cmab_service.go:125.30,127.3 1 0
github.com/optimizely/go-sdk/v2/pkg/decision/experiment_cmab_service.go:129.2,130.16 2 0
github.com/optimizely/go-sdk/v2/pkg/decision/experiment_cmab_service.go:130.16,133.3 2 0
github.com/optimizely/go-sdk/v2/pkg/decision/experiment_cmab_service.go:135.2,135.35 1 0
github.com/optimizely/go-sdk/v2/pkg/decision/experiment_cmab_service.go:135.35,137.3 1 0
github.com/optimizely/go-sdk/v2/pkg/decision/experiment_cmab_service.go:139.2,143.16 3 0
github.com/optimizely/go-sdk/v2/pkg/decision/experiment_cmab_service.go:143.16,145.3 1 0
github.com/optimizely/go-sdk/v2/pkg/decision/experiment_cmab_service.go:147.2,147.35 1 0
github.com/optimizely/go-sdk/v2/pkg/decision/experiment_cmab_service.go:147.35,152.3 4 0
github.com/optimizely/go-sdk/v2/pkg/decision/experiment_cmab_service.go:156.2,157.16 2 0
github.com/optimizely/go-sdk/v2/pkg/decision/experiment_cmab_service.go:157.16,169.3 4 0
github.com/optimizely/go-sdk/v2/pkg/decision/experiment_cmab_service.go:172.2,172.50 1 0
github.com/optimizely/go-sdk/v2/pkg/decision/experiment_cmab_service.go:172.50,173.47 1 0
github.com/optimizely/go-sdk/v2/pkg/decision/experiment_cmab_service.go:173.47,174.12 1 0
github.com/optimizely/go-sdk/v2/pkg/decision/experiment_cmab_service.go:178.3,183.34 4 0
github.com/optimizely/go-sdk/v2/pkg/decision/experiment_cmab_service.go:183.34,186.4 2 0
github.com/optimizely/go-sdk/v2/pkg/decision/experiment_cmab_service.go:188.3,190.40 3 0
github.com/optimizely/go-sdk/v2/pkg/decision/experiment_cmab_service.go:194.2,196.138 3 0
github.com/optimizely/go-sdk/v2/pkg/decision/experiment_cmab_service.go:199.107,201.28 1 0
github.com/optimizely/go-sdk/v2/pkg/decision/experiment_cmab_service.go:201.28,204.3 1 0
github.com/optimizely/go-sdk/v2/pkg/decision/experiment_cmab_service.go:207.2,216.28 3 0
github.com/optimizely/go-sdk/v2/pkg/decision/experiment_cmab_service.go:216.28,219.3 2 0
github.com/optimizely/go-sdk/v2/pkg/decision/experiment_cmab_service.go:222.2,222.45 1 0
github.com/optimizely/go-sdk/v2/pkg/decision/experiment_cmab_service.go:222.45,225.3 2 0
github.com/optimizely/go-sdk/v2/pkg/decision/experiment_cmab_service.go:228.2,228.36 1 0
github.com/optimizely/go-sdk/v2/pkg/decision/experiment_cmab_service.go:228.36,230.43 2 0
github.com/optimizely/go-sdk/v2/pkg/decision/experiment_cmab_service.go:230.43,232.4 1 0
github.com/optimizely/go-sdk/v2/pkg/decision/experiment_cmab_service.go:236.2,236.45 1 0
github.com/optimizely/go-sdk/v2/pkg/decision/experiment_cmab_service.go:236.45,238.52 2 0
github.com/optimizely/go-sdk/v2/pkg/decision/experiment_cmab_service.go:238.52,240.4 1 0
github.com/optimizely/go-sdk/v2/pkg/decision/experiment_cmab_service.go:244.2,244.35 1 0
github.com/optimizely/go-sdk/v2/pkg/decision/experiment_cmab_service.go:244.35,246.42 2 0
github.com/optimizely/go-sdk/v2/pkg/decision/experiment_cmab_service.go:246.42,248.4 1 0
github.com/optimizely/go-sdk/v2/pkg/decision/experiment_cmab_service.go:252.2,252.37 1 0
github.com/optimizely/go-sdk/v2/pkg/decision/experiment_cmab_service.go:252.37,255.3 2 0
github.com/optimizely/go-sdk/v2/pkg/decision/experiment_cmab_service.go:257.2,257.26 1 0
github.com/optimizely/go-sdk/v2/pkg/decision/experiment_cmab_service.go:261.50,263.2 1 0
github.com/optimizely/go-sdk/v2/pkg/decision/experiment_override_service.go:49.68,53.2 1 0
github.com/optimizely/go-sdk/v2/pkg/decision/experiment_override_service.go:56.102,61.2 4 0
github.com/optimizely/go-sdk/v2/pkg/decision/experiment_override_service.go:64.108,68.2 3 0
github.com/optimizely/go-sdk/v2/pkg/decision/experiment_override_service.go:72.90,76.2 3 0
github.com/optimizely/go-sdk/v2/pkg/decision/experiment_override_service.go:86.135,91.2 1 1
github.com/optimizely/go-sdk/v2/pkg/decision/experiment_override_service.go:94.233,98.39 3 0
github.com/optimizely/go-sdk/v2/pkg/decision/experiment_override_service.go:98.39,100.3 1 0
github.com/optimizely/go-sdk/v2/pkg/decision/experiment_override_service.go:102.2,103.9 2 0
github.com/optimizely/go-sdk/v2/pkg/decision/experiment_override_service.go:103.9,106.3 2 0
github.com/optimizely/go-sdk/v2/pkg/decision/experiment_override_service.go:108.2,108.89 1 0
github.com/optimizely/go-sdk/v2/pkg/decision/experiment_override_service.go:108.89,109.78 1 0
github.com/optimizely/go-sdk/v2/pkg/decision/experiment_override_service.go:109.78,116.4 5 0
github.com/optimizely/go-sdk/v2/pkg/decision/experiment_override_service.go:119.2,120.31 2 0
github.com/optimizely/go-sdk/v2/pkg/decision/experiment_whitelist_service.go:33.66,35.2 1 1
github.com/optimizely/go-sdk/v2/pkg/decision/experiment_whitelist_service.go:38.203,42.39 3 0
github.com/optimizely/go-sdk/v2/pkg/decision/experiment_whitelist_service.go:42.39,44.3 1 0
github.com/optimizely/go-sdk/v2/pkg/decision/experiment_whitelist_service.go:46.2,47.9 2 0
github.com/optimizely/go-sdk/v2/pkg/decision/experiment_whitelist_service.go:47.9,50.3 2 0
github.com/optimizely/go-sdk/v2/pkg/decision/experiment_whitelist_service.go:52.2,52.80 1 0
github.com/optimizely/go-sdk/v2/pkg/decision/experiment_whitelist_service.go:52.80,53.69 1 0
github.com/optimizely/go-sdk/v2/pkg/decision/experiment_whitelist_service.go:53.69,58.4 4 0
github.com/optimizely/go-sdk/v2/pkg/decision/experiment_whitelist_service.go:61.2,63.31 3 0
github.com/optimizely/go-sdk/v2/pkg/decision/feature_experiment_service.go:35.144,40.2 1 0
github.com/optimizely/go-sdk/v2/pkg/decision/feature_experiment_service.go:43.195,47.63 3 0
github.com/optimizely/go-sdk/v2/pkg/decision/feature_experiment_service.go:47.63,50.51 1 0
github.com/optimizely/go-sdk/v2/pkg/decision/feature_experiment_service.go:50.51,53.18 3 0
github.com/optimizely/go-sdk/v2/pkg/decision/feature_experiment_service.go:53.18,60.5 2 0
github.com/optimizely/go-sdk/v2/pkg/decision/feature_experiment_service.go:63.3,80.43 6 0
github.com/optimizely/go-sdk/v2/pkg/decision/feature_experiment_service.go:80.43,84.4 1 0
github.com/optimizely/go-sdk/v2/pkg/decision/feature_experiment_service.go:87.3,87.42 1 0
github.com/optimizely/go-sdk/v2/pkg/decision/feature_experiment_service.go:87.42,97.4 2 0
github.com/optimizely/go-sdk/v2/pkg/decision/feature_experiment_service.go:100.2,100.40 1 0
github.com/optimizely/go-sdk/v2/pkg/decision/feature_notification.go:27.71,31.98 2 0
github.com/optimizely/go-sdk/v2/pkg/decision/feature_notification.go:31.98,32.35 1 0
github.com/optimizely/go-sdk/v2/pkg/decision/feature_notification.go:32.35,34.4 1 0
github.com/optimizely/go-sdk/v2/pkg/decision/feature_notification.go:36.2,36.29 1 0
github.com/optimizely/go-sdk/v2/pkg/decision/feature_notification.go:40.149,43.43 2 0
github.com/optimizely/go-sdk/v2/pkg/decision/feature_notification.go:43.43,46.3 2 0
github.com/optimizely/go-sdk/v2/pkg/decision/feature_notification.go:48.2,54.38 2 0
github.com/optimizely/go-sdk/v2/pkg/decision/feature_notification.go:54.38,56.3 1 0
github.com/optimizely/go-sdk/v2/pkg/decision/feature_notification.go:58.2,69.29 4 0
github.com/optimizely/go-sdk/v2/pkg/decision/flag_notification.go:26.249,28.19 1 0
github.com/optimizely/go-sdk/v2/pkg/decision/flag_notification.go:28.19,30.3 1 0
github.com/optimizely/go-sdk/v2/pkg/decision/flag_notification.go:32.2,49.29 3 0
github.com/optimizely/go-sdk/v2/pkg/decision/forced_decision_service.go:48.69,54.2 1 0
github.com/optimizely/go-sdk/v2/pkg/decision/forced_decision_service.go:59.126,64.2 4 0
github.com/optimizely/go-sdk/v2/pkg/decision/forced_decision_service.go:68.120,73.33 5 0
github.com/optimizely/go-sdk/v2/pkg/decision/forced_decision_service.go:73.33,75.3 1 0
github.com/optimizely/go-sdk/v2/pkg/decision/forced_decision_service.go:76.2,76.58 1 0
github.com/optimizely/go-sdk/v2/pkg/decision/forced_decision_service.go:76.58,78.3 1 0
github.com/optimizely/go-sdk/v2/pkg/decision/forced_decision_service.go:79.2,79.22 1 0
github.com/optimizely/go-sdk/v2/pkg/decision/forced_decision_service.go:84.94,87.95 3 0
github.com/optimizely/go-sdk/v2/pkg/decision/forced_decision_service.go:87.95,93.3 3 0
github.com/optimizely/go-sdk/v2/pkg/decision/forced_decision_service.go:94.2,94.14 1 0
github.com/optimizely/go-sdk/v2/pkg/decision/forced_decision_service.go:98.65,103.2 4 0
github.com/optimizely/go-sdk/v2/pkg/decision/forced_decision_service.go:106.232,109.16 3 0
github.com/optimizely/go-sdk/v2/pkg/decision/forced_decision_service.go:109.16,111.3 1 0
github.com/optimizely/go-sdk/v2/pkg/decision/forced_decision_service.go:113.2,115.27 3 0
github.com/optimizely/go-sdk/v2/pkg/decision/forced_decision_service.go:115.27,117.3 1 0
github.com/optimizely/go-sdk/v2/pkg/decision/forced_decision_service.go:119.2,119.16 1 0
github.com/optimizely/go-sdk/v2/pkg/decision/forced_decision_service.go:119.16,122.3 2 0
github.com/optimizely/go-sdk/v2/pkg/decision/forced_decision_service.go:123.2,124.41 2 0
github.com/optimizely/go-sdk/v2/pkg/decision/forced_decision_service.go:127.150,128.73 1 0
github.com/optimizely/go-sdk/v2/pkg/decision/forced_decision_service.go:128.73,129.40 1 0
github.com/optimizely/go-sdk/v2/pkg/decision/forced_decision_service.go:129.40,130.37 1 0
github.com/optimizely/go-sdk/v2/pkg/decision/forced_decision_service.go:130.37,132.5 1 0
github.com/optimizely/go-sdk/v2/pkg/decision/forced_decision_service.go:135.2,135.47 1 0
github.com/optimizely/go-sdk/v2/pkg/decision/forced_decision_service.go:139.69,143.38 4 0
github.com/optimizely/go-sdk/v2/pkg/decision/forced_decision_service.go:143.38,145.3 1 0
github.com/optimizely/go-sdk/v2/pkg/decision/forced_decision_service.go:146.2,150.3 1 0
github.com/optimizely/go-sdk/v2/pkg/decision/persisting_experiment_service.go:38.188,46.2 2 1
github.com/optimizely/go-sdk/v2/pkg/decision/persisting_experiment_service.go:49.235,51.69 2 0
github.com/optimizely/go-sdk/v2/pkg/decision/persisting_experiment_service.go:51.69,53.3 1 0
github.com/optimizely/go-sdk/v2/pkg/decision/persisting_experiment_service.go:55.2,62.41 6 0
github.com/optimizely/go-sdk/v2/pkg/decision/persisting_experiment_service.go:62.41,64.3 1 0
github.com/optimizely/go-sdk/v2/pkg/decision/persisting_experiment_service.go:66.2,68.41 3 0
github.com/optimizely/go-sdk/v2/pkg/decision/persisting_experiment_service.go:68.41,72.23 3 0
github.com/optimizely/go-sdk/v2/pkg/decision/persisting_experiment_service.go:72.23,74.4 1 0
github.com/optimizely/go-sdk/v2/pkg/decision/persisting_experiment_service.go:74.9,75.62 1 0
github.com/optimizely/go-sdk/v2/pkg/decision/persisting_experiment_service.go:75.62,77.5 1 0
github.com/optimizely/go-sdk/v2/pkg/decision/persisting_experiment_service.go:78.4,79.55 2 0
github.com/optimizely/go-sdk/v2/pkg/decision/persisting_experiment_service.go:83.2,83.41 1 0
github.com/optimizely/go-sdk/v2/pkg/decision/persisting_experiment_service.go:86.215,90.40 4 0
github.com/optimizely/go-sdk/v2/pkg/decision/persisting_experiment_service.go:90.40,92.3 1 0
github.com/optimizely/go-sdk/v2/pkg/decision/persisting_experiment_service.go:92.8,94.3 1 0
github.com/optimizely/go-sdk/v2/pkg/decision/persisting_experiment_service.go:97.2,98.44 2 0
github.com/optimizely/go-sdk/v2/pkg/decision/persisting_experiment_service.go:98.44,100.3 1 0
github.com/optimizely/go-sdk/v2/pkg/decision/persisting_experiment_service.go:102.2,102.78 1 0
github.com/optimizely/go-sdk/v2/pkg/decision/persisting_experiment_service.go:102.78,103.83 1 0
github.com/optimizely/go-sdk/v2/pkg/decision/persisting_experiment_service.go:103.83,107.4 3 0
github.com/optimizely/go-sdk/v2/pkg/decision/persisting_experiment_service.go:107.9,110.4 2 0
github.com/optimizely/go-sdk/v2/pkg/decision/persisting_experiment_service.go:113.2,113.49 1 0
github.com/optimizely/go-sdk/v2/pkg/decision/persisting_experiment_service.go:116.134,117.33 1 0
github.com/optimizely/go-sdk/v2/pkg/decision/persisting_experiment_service.go:117.33,118.45 1 0
github.com/optimizely/go-sdk/v2/pkg/decision/persisting_experiment_service.go:118.45,120.4 1 0
github.com/optimizely/go-sdk/v2/pkg/decision/persisting_experiment_service.go:121.3,123.77 3 0
github.com/optimizely/go-sdk/v2/pkg/decision/rollout_service.go:39.55,46.2 2 0
github.com/optimizely/go-sdk/v2/pkg/decision/rollout_service.go:49.185,57.89 5 0
github.com/optimizely/go-sdk/v2/pkg/decision/rollout_service.go:57.89,62.18 5 0
github.com/optimizely/go-sdk/v2/pkg/decision/rollout_service.go:62.18,64.4 1 0
github.com/optimizely/go-sdk/v2/pkg/decision/rollout_service.go:65.3,65.20 1 0
github.com/optimizely/go-sdk/v2/pkg/decision/rollout_service.go:68.2,68.98 1 0
github.com/optimizely/go-sdk/v2/pkg/decision/rollout_service.go:68.98,73.3 1 0
github.com/optimizely/go-sdk/v2/pkg/decision/rollout_service.go:75.2,75.22 1 0
github.com/optimizely/go-sdk/v2/pkg/decision/rollout_service.go:75.22,79.3 3 0
github.com/optimizely/go-sdk/v2/pkg/decision/rollout_service.go:81.2,82.30 2 0
github.com/optimizely/go-sdk/v2/pkg/decision/rollout_service.go:82.30,85.3 2 0
github.com/optimizely/go-sdk/v2/pkg/decision/rollout_service.go:87.2,87.76 1 0
github.com/optimizely/go-sdk/v2/pkg/decision/rollout_service.go:87.76,90.28 3 0
github.com/optimizely/go-sdk/v2/pkg/decision/rollout_service.go:90.28,97.4 3 0
github.com/optimizely/go-sdk/v2/pkg/decision/rollout_service.go:98.3,98.13 1 0
github.com/optimizely/go-sdk/v2/pkg/decision/rollout_service.go:101.2,101.57 1 0
github.com/optimizely/go-sdk/v2/pkg/decision/rollout_service.go:101.57,106.82 3 0
github.com/optimizely/go-sdk/v2/pkg/decision/rollout_service.go:106.82,108.4 1 0
github.com/optimizely/go-sdk/v2/pkg/decision/rollout_service.go:110.3,115.24 4 0
github.com/optimizely/go-sdk/v2/pkg/decision/rollout_service.go:115.24,119.12 3 0
github.com/optimizely/go-sdk/v2/pkg/decision/rollout_service.go:122.3,124.32 3 0
github.com/optimizely/go-sdk/v2/pkg/decision/rollout_service.go:124.32,126.9 1 0
github.com/optimizely/go-sdk/v2/pkg/decision/rollout_service.go:128.3,129.44 2 0
github.com/optimizely/go-sdk/v2/pkg/decision/rollout_service.go:133.2,136.81 2 0
github.com/optimizely/go-sdk/v2/pkg/decision/rollout_service.go:136.81,138.3 1 0
github.com/optimizely/go-sdk/v2/pkg/decision/rollout_service.go:140.2,145.22 4 0
github.com/optimizely/go-sdk/v2/pkg/decision/rollout_service.go:145.22,148.17 3 0
github.com/optimizely/go-sdk/v2/pkg/decision/rollout_service.go:148.17,151.4 2 0
github.com/optimizely/go-sdk/v2/pkg/decision/rollout_service.go:152.3,153.44 2 0
github.com/optimizely/go-sdk/v2/pkg/decision/rollout_service.go:156.2,156.38 1 0
github.com/optimizely/go-sdk/v2/pkg/decision/rollout_service.go:160.217,162.25 1 0
github.com/optimizely/go-sdk/v2/pkg/decision/rollout_service.go:163.43,164.81 1 0
github.com/optimizely/go-sdk/v2/pkg/decision/rollout_service.go:165.40,166.78 1 0
github.com/optimizely/go-sdk/v2/pkg/decision/rollout_service.go:167.10,168.47 1 0
github.com/optimizely/go-sdk/v2/pkg/decision/rollout_service.go:171.2,172.38 2 0
github.com/optimizely/go-sdk/v2/pkg/decision/rollout_service.go:172.38,174.3 1 0
github.com/optimizely/go-sdk/v2/pkg/decision/rollout_service.go:175.2,176.25 2 0
github.com/optimizely/go-sdk/v2/pkg/decision/rollout_service.go:179.204,181.50 2 0
github.com/optimizely/go-sdk/v2/pkg/decision/rollout_service.go:181.50,184.17 3 0
github.com/optimizely/go-sdk/v2/pkg/decision/rollout_service.go:184.17,186.4 1 0
github.com/optimizely/go-sdk/v2/pkg/decision/rollout_service.go:188.2,188.21 1 0
