mode: set
github.com/optimizely/go-sdk/v2/pkg/client/client.go:119.118,120.25 1 1
github.com/optimizely/go-sdk/v2/pkg/client/client.go:120.25,123.3 1 0
github.com/optimizely/go-sdk/v2/pkg/client/client.go:125.2,125.66 1 1
github.com/optimizely/go-sdk/v2/pkg/client/client.go:129.84,132.2 2 0
github.com/optimizely/go-sdk/v2/pkg/client/client.go:134.127,136.15 2 0
github.com/optimizely/go-sdk/v2/pkg/client/client.go:136.15,137.31 1 0
github.com/optimizely/go-sdk/v2/pkg/client/client.go:137.31,138.25 1 0
github.com/optimizely/go-sdk/v2/pkg/client/client.go:139.15,140.12 1 0
github.com/optimizely/go-sdk/v2/pkg/client/client.go:141.16,142.24 1 0
github.com/optimizely/go-sdk/v2/pkg/client/client.go:143.12,144.41 1 0
github.com/optimizely/go-sdk/v2/pkg/client/client.go:146.4,148.41 3 0
github.com/optimizely/go-sdk/v2/pkg/client/client.go:152.2,160.16 5 0
github.com/optimizely/go-sdk/v2/pkg/client/client.go:160.16,162.3 1 0
github.com/optimizely/go-sdk/v2/pkg/client/client.go:163.2,166.16 3 0
github.com/optimizely/go-sdk/v2/pkg/client/client.go:166.16,168.3 1 0
github.com/optimizely/go-sdk/v2/pkg/client/client.go:169.2,188.32 12 0
github.com/optimizely/go-sdk/v2/pkg/client/client.go:188.32,192.3 2 0
github.com/optimizely/go-sdk/v2/pkg/client/client.go:196.2,196.46 1 0
github.com/optimizely/go-sdk/v2/pkg/client/client.go:196.46,200.17 4 0
github.com/optimizely/go-sdk/v2/pkg/client/client.go:200.17,202.4 1 0
github.com/optimizely/go-sdk/v2/pkg/client/client.go:202.9,204.4 1 0
github.com/optimizely/go-sdk/v2/pkg/client/client.go:205.8,207.3 1 0
github.com/optimizely/go-sdk/v2/pkg/client/client.go:209.2,209.16 1 0
github.com/optimizely/go-sdk/v2/pkg/client/client.go:209.16,211.3 1 0
github.com/optimizely/go-sdk/v2/pkg/client/client.go:213.2,213.38 1 0
github.com/optimizely/go-sdk/v2/pkg/client/client.go:213.38,218.3 4 0
github.com/optimizely/go-sdk/v2/pkg/client/client.go:220.2,220.38 1 0
github.com/optimizely/go-sdk/v2/pkg/client/client.go:220.38,222.147 1 0
github.com/optimizely/go-sdk/v2/pkg/client/client.go:222.147,225.4 2 0
github.com/optimizely/go-sdk/v2/pkg/client/client.go:228.2,229.34 2 0
github.com/optimizely/go-sdk/v2/pkg/client/client.go:229.34,232.3 2 0
github.com/optimizely/go-sdk/v2/pkg/client/client.go:233.2,237.33 4 0
github.com/optimizely/go-sdk/v2/pkg/client/client.go:237.33,240.93 3 0
github.com/optimizely/go-sdk/v2/pkg/client/client.go:240.93,242.4 1 0
github.com/optimizely/go-sdk/v2/pkg/client/client.go:245.2,245.144 1 0
github.com/optimizely/go-sdk/v2/pkg/client/client.go:248.147,250.15 2 0
github.com/optimizely/go-sdk/v2/pkg/client/client.go:250.15,251.31 1 0
github.com/optimizely/go-sdk/v2/pkg/client/client.go:251.31,252.25 1 0
github.com/optimizely/go-sdk/v2/pkg/client/client.go:253.15,254.12 1 0
github.com/optimizely/go-sdk/v2/pkg/client/client.go:255.16,256.24 1 0
github.com/optimizely/go-sdk/v2/pkg/client/client.go:257.12,258.41 1 0
github.com/optimizely/go-sdk/v2/pkg/client/client.go:260.4,262.41 3 0
github.com/optimizely/go-sdk/v2/pkg/client/client.go:266.2,270.47 4 0
github.com/optimizely/go-sdk/v2/pkg/client/client.go:270.47,273.3 2 0
github.com/optimizely/go-sdk/v2/pkg/client/client.go:275.2,275.20 1 0
github.com/optimizely/go-sdk/v2/pkg/client/client.go:275.20,277.3 1 0
github.com/optimizely/go-sdk/v2/pkg/client/client.go:278.2,282.27 4 0
github.com/optimizely/go-sdk/v2/pkg/client/client.go:282.27,284.18 2 0
github.com/optimizely/go-sdk/v2/pkg/client/client.go:284.18,289.4 1 0
github.com/optimizely/go-sdk/v2/pkg/client/client.go:290.3,291.40 2 0
github.com/optimizely/go-sdk/v2/pkg/client/client.go:294.2,294.27 1 0
github.com/optimizely/go-sdk/v2/pkg/client/client.go:294.27,297.3 2 0
github.com/optimizely/go-sdk/v2/pkg/client/client.go:299.2,299.81 1 0
github.com/optimizely/go-sdk/v2/pkg/client/client.go:299.81,302.3 2 0
github.com/optimizely/go-sdk/v2/pkg/client/client.go:304.2,304.20 1 0
github.com/optimizely/go-sdk/v2/pkg/client/client.go:307.128,310.15 2 0
github.com/optimizely/go-sdk/v2/pkg/client/client.go:310.15,311.31 1 0
github.com/optimizely/go-sdk/v2/pkg/client/client.go:311.31,312.25 1 0
github.com/optimizely/go-sdk/v2/pkg/client/client.go:313.15,314.12 1 0
github.com/optimizely/go-sdk/v2/pkg/client/client.go:315.16,316.24 1 0
github.com/optimizely/go-sdk/v2/pkg/client/client.go:317.12,318.41 1 0
github.com/optimizely/go-sdk/v2/pkg/client/client.go:320.4,322.41 3 0
github.com/optimizely/go-sdk/v2/pkg/client/client.go:326.2,330.16 4 0
github.com/optimizely/go-sdk/v2/pkg/client/client.go:330.16,333.3 2 0
github.com/optimizely/go-sdk/v2/pkg/client/client.go:335.2,336.54 2 0
github.com/optimizely/go-sdk/v2/pkg/client/client.go:336.54,338.3 1 0
github.com/optimizely/go-sdk/v2/pkg/client/client.go:340.2,340.59 1 0
github.com/optimizely/go-sdk/v2/pkg/client/client.go:345.165,347.15 2 0
github.com/optimizely/go-sdk/v2/pkg/client/client.go:347.15,348.31 1 0
github.com/optimizely/go-sdk/v2/pkg/client/client.go:348.31,349.25 1 0
github.com/optimizely/go-sdk/v2/pkg/client/client.go:350.15,351.12 1 0
github.com/optimizely/go-sdk/v2/pkg/client/client.go:352.16,353.24 1 0
github.com/optimizely/go-sdk/v2/pkg/client/client.go:354.12,355.41 1 0
github.com/optimizely/go-sdk/v2/pkg/client/client.go:357.4,358.41 2 0
github.com/optimizely/go-sdk/v2/pkg/client/client.go:362.2,368.47 4 0
github.com/optimizely/go-sdk/v2/pkg/client/client.go:368.47,370.22 2 0
github.com/optimizely/go-sdk/v2/pkg/client/client.go:370.22,372.4 1 0
github.com/optimizely/go-sdk/v2/pkg/client/client.go:373.3,373.9 1 0
github.com/optimizely/go-sdk/v2/pkg/client/client.go:376.2,379.13 3 0
github.com/optimizely/go-sdk/v2/pkg/client/client.go:379.13,381.3 1 0
github.com/optimizely/go-sdk/v2/pkg/client/client.go:381.8,383.3 1 0
github.com/optimizely/go-sdk/v2/pkg/client/client.go:385.2,385.21 1 0
github.com/optimizely/go-sdk/v2/pkg/client/client.go:385.21,387.3 1 0
github.com/optimizely/go-sdk/v2/pkg/client/client.go:391.139,393.15 1 0
github.com/optimizely/go-sdk/v2/pkg/client/client.go:393.15,394.31 1 0
github.com/optimizely/go-sdk/v2/pkg/client/client.go:394.31,395.25 1 0
github.com/optimizely/go-sdk/v2/pkg/client/client.go:396.15,397.12 1 0
github.com/optimizely/go-sdk/v2/pkg/client/client.go:398.16,399.24 1 0
github.com/optimizely/go-sdk/v2/pkg/client/client.go:400.12,401.41 1 0
github.com/optimizely/go-sdk/v2/pkg/client/client.go:403.4,405.41 3 0
github.com/optimizely/go-sdk/v2/pkg/client/client.go:409.2,412.47 3 0
github.com/optimizely/go-sdk/v2/pkg/client/client.go:412.47,415.3 2 0
github.com/optimizely/go-sdk/v2/pkg/client/client.go:418.2,418.21 1 0
github.com/optimizely/go-sdk/v2/pkg/client/client.go:418.21,420.3 1 0
github.com/optimizely/go-sdk/v2/pkg/client/client.go:422.2,422.27 1 0
github.com/optimizely/go-sdk/v2/pkg/client/client.go:422.27,426.3 3 0
github.com/optimizely/go-sdk/v2/pkg/client/client.go:428.2,428.72 1 0
github.com/optimizely/go-sdk/v2/pkg/client/client.go:433.120,435.15 1 0
github.com/optimizely/go-sdk/v2/pkg/client/client.go:435.15,436.31 1 0
github.com/optimizely/go-sdk/v2/pkg/client/client.go:436.31,437.25 1 0
github.com/optimizely/go-sdk/v2/pkg/client/client.go:438.15,439.12 1 0
github.com/optimizely/go-sdk/v2/pkg/client/client.go:440.16,441.24 1 0
github.com/optimizely/go-sdk/v2/pkg/client/client.go:442.12,443.41 1 0
github.com/optimizely/go-sdk/v2/pkg/client/client.go:445.4,447.41 3 0
github.com/optimizely/go-sdk/v2/pkg/client/client.go:451.2,455.16 4 0
github.com/optimizely/go-sdk/v2/pkg/client/client.go:455.16,458.3 2 0
github.com/optimizely/go-sdk/v2/pkg/client/client.go:460.2,460.78 1 0
github.com/optimizely/go-sdk/v2/pkg/client/client.go:460.78,464.119 2 0
github.com/optimizely/go-sdk/v2/pkg/client/client.go:464.119,466.4 1 0
github.com/optimizely/go-sdk/v2/pkg/client/client.go:469.2,469.20 1 0
github.com/optimizely/go-sdk/v2/pkg/client/client.go:474.123,476.15 1 0
github.com/optimizely/go-sdk/v2/pkg/client/client.go:476.15,477.31 1 0
github.com/optimizely/go-sdk/v2/pkg/client/client.go:477.31,478.25 1 0
github.com/optimizely/go-sdk/v2/pkg/client/client.go:479.15,480.12 1 0
github.com/optimizely/go-sdk/v2/pkg/client/client.go:481.16,482.24 1 0
github.com/optimizely/go-sdk/v2/pkg/client/client.go:483.12,484.41 1 0
github.com/optimizely/go-sdk/v2/pkg/client/client.go:486.4,488.41 3 0
github.com/optimizely/go-sdk/v2/pkg/client/client.go:492.2,496.16 4 0
github.com/optimizely/go-sdk/v2/pkg/client/client.go:496.16,499.3 2 0
github.com/optimizely/go-sdk/v2/pkg/client/client.go:501.2,501.38 1 0
github.com/optimizely/go-sdk/v2/pkg/client/client.go:501.38,503.3 1 0
github.com/optimizely/go-sdk/v2/pkg/client/client.go:503.8,505.3 1 0
github.com/optimizely/go-sdk/v2/pkg/client/client.go:507.2,507.12 1 0
github.com/optimizely/go-sdk/v2/pkg/client/client.go:507.12,509.3 1 0
github.com/optimizely/go-sdk/v2/pkg/client/client.go:509.8,511.3 1 0
github.com/optimizely/go-sdk/v2/pkg/client/client.go:513.2,513.33 1 0
github.com/optimizely/go-sdk/v2/pkg/client/client.go:513.33,516.93 2 0
github.com/optimizely/go-sdk/v2/pkg/client/client.go:516.93,518.4 1 0
github.com/optimizely/go-sdk/v2/pkg/client/client.go:521.2,522.181 1 0
github.com/optimizely/go-sdk/v2/pkg/client/client.go:522.181,524.3 1 0
github.com/optimizely/go-sdk/v2/pkg/client/client.go:526.2,526.20 1 0
github.com/optimizely/go-sdk/v2/pkg/client/client.go:531.119,533.15 1 0
github.com/optimizely/go-sdk/v2/pkg/client/client.go:533.15,534.31 1 0
github.com/optimizely/go-sdk/v2/pkg/client/client.go:534.31,535.25 1 0
github.com/optimizely/go-sdk/v2/pkg/client/client.go:536.15,537.12 1 0
github.com/optimizely/go-sdk/v2/pkg/client/client.go:538.16,539.24 1 0
github.com/optimizely/go-sdk/v2/pkg/client/client.go:540.12,541.41 1 0
github.com/optimizely/go-sdk/v2/pkg/client/client.go:543.4,545.41 3 0
github.com/optimizely/go-sdk/v2/pkg/client/client.go:549.2,553.16 4 0
github.com/optimizely/go-sdk/v2/pkg/client/client.go:553.16,556.3 2 0
github.com/optimizely/go-sdk/v2/pkg/client/client.go:558.2,559.38 2 0
github.com/optimizely/go-sdk/v2/pkg/client/client.go:559.38,560.78 1 0
github.com/optimizely/go-sdk/v2/pkg/client/client.go:560.78,562.4 1 0
github.com/optimizely/go-sdk/v2/pkg/client/client.go:564.2,564.29 1 0
github.com/optimizely/go-sdk/v2/pkg/client/client.go:568.153,573.15 4 0
github.com/optimizely/go-sdk/v2/pkg/client/client.go:573.15,574.34 1 0
github.com/optimizely/go-sdk/v2/pkg/client/client.go:574.34,580.18 2 0
github.com/optimizely/go-sdk/v2/pkg/client/client.go:580.18,582.5 1 0
github.com/optimizely/go-sdk/v2/pkg/client/client.go:583.4,586.94 3 0
github.com/optimizely/go-sdk/v2/pkg/client/client.go:586.94,588.5 1 0
github.com/optimizely/go-sdk/v2/pkg/client/client.go:592.2,592.16 1 0
github.com/optimizely/go-sdk/v2/pkg/client/client.go:592.16,594.3 1 0
github.com/optimizely/go-sdk/v2/pkg/client/client.go:595.2,596.52 2 0
github.com/optimizely/go-sdk/v2/pkg/client/client.go:596.52,598.3 1 0
github.com/optimizely/go-sdk/v2/pkg/client/client.go:599.2,599.28 1 0
github.com/optimizely/go-sdk/v2/pkg/client/client.go:603.155,608.15 4 0
github.com/optimizely/go-sdk/v2/pkg/client/client.go:608.15,609.34 1 0
github.com/optimizely/go-sdk/v2/pkg/client/client.go:609.34,615.18 2 0
github.com/optimizely/go-sdk/v2/pkg/client/client.go:615.18,617.5 1 0
github.com/optimizely/go-sdk/v2/pkg/client/client.go:618.4,621.94 3 0
github.com/optimizely/go-sdk/v2/pkg/client/client.go:621.94,623.5 1 0
github.com/optimizely/go-sdk/v2/pkg/client/client.go:626.2,626.16 1 0
github.com/optimizely/go-sdk/v2/pkg/client/client.go:626.16,628.3 1 0
github.com/optimizely/go-sdk/v2/pkg/client/client.go:629.2,630.51 2 0
github.com/optimizely/go-sdk/v2/pkg/client/client.go:630.51,632.3 1 0
github.com/optimizely/go-sdk/v2/pkg/client/client.go:634.2,634.28 1 0
github.com/optimizely/go-sdk/v2/pkg/client/client.go:638.152,643.15 4 0
github.com/optimizely/go-sdk/v2/pkg/client/client.go:643.15,644.34 1 0
github.com/optimizely/go-sdk/v2/pkg/client/client.go:644.34,650.18 2 0
github.com/optimizely/go-sdk/v2/pkg/client/client.go:650.18,652.5 1 0
github.com/optimizely/go-sdk/v2/pkg/client/client.go:653.4,656.94 3 0
github.com/optimizely/go-sdk/v2/pkg/client/client.go:656.94,658.5 1 0
github.com/optimizely/go-sdk/v2/pkg/client/client.go:661.2,661.16 1 0
github.com/optimizely/go-sdk/v2/pkg/client/client.go:661.16,663.3 1 0
github.com/optimizely/go-sdk/v2/pkg/client/client.go:664.2,665.52 2 0
github.com/optimizely/go-sdk/v2/pkg/client/client.go:665.52,667.3 1 0
github.com/optimizely/go-sdk/v2/pkg/client/client.go:669.2,669.28 1 0
github.com/optimizely/go-sdk/v2/pkg/client/client.go:673.151,679.15 4 0
github.com/optimizely/go-sdk/v2/pkg/client/client.go:679.15,680.34 1 0
github.com/optimizely/go-sdk/v2/pkg/client/client.go:680.34,690.94 4 0
github.com/optimizely/go-sdk/v2/pkg/client/client.go:690.94,692.5 1 0
github.com/optimizely/go-sdk/v2/pkg/client/client.go:695.2,695.16 1 0
github.com/optimizely/go-sdk/v2/pkg/client/client.go:695.16,697.3 1 0
github.com/optimizely/go-sdk/v2/pkg/client/client.go:698.2,698.37 1 0
github.com/optimizely/go-sdk/v2/pkg/client/client.go:698.37,700.3 1 0
github.com/optimizely/go-sdk/v2/pkg/client/client.go:702.2,702.25 1 0
github.com/optimizely/go-sdk/v2/pkg/client/client.go:706.171,711.15 4 0
github.com/optimizely/go-sdk/v2/pkg/client/client.go:711.15,712.34 1 0
github.com/optimizely/go-sdk/v2/pkg/client/client.go:712.34,714.24 2 0
github.com/optimizely/go-sdk/v2/pkg/client/client.go:714.24,716.5 1 0
github.com/optimizely/go-sdk/v2/pkg/client/client.go:716.10,718.5 1 0
github.com/optimizely/go-sdk/v2/pkg/client/client.go:719.4,727.94 4 0
github.com/optimizely/go-sdk/v2/pkg/client/client.go:727.94,729.5 1 0
github.com/optimizely/go-sdk/v2/pkg/client/client.go:732.2,732.16 1 0
github.com/optimizely/go-sdk/v2/pkg/client/client.go:732.16,734.3 1 0
github.com/optimizely/go-sdk/v2/pkg/client/client.go:736.2,737.49 2 0
github.com/optimizely/go-sdk/v2/pkg/client/client.go:737.49,739.3 1 0
github.com/optimizely/go-sdk/v2/pkg/client/client.go:741.2,741.23 1 0
github.com/optimizely/go-sdk/v2/pkg/client/client.go:745.179,750.16 4 0
github.com/optimizely/go-sdk/v2/pkg/client/client.go:750.16,752.3 1 0
github.com/optimizely/go-sdk/v2/pkg/client/client.go:754.2,756.38 2 0
github.com/optimizely/go-sdk/v2/pkg/client/client.go:756.38,757.112 1 0
github.com/optimizely/go-sdk/v2/pkg/client/client.go:757.112,759.4 1 0
github.com/optimizely/go-sdk/v2/pkg/client/client.go:762.2,762.68 1 0
github.com/optimizely/go-sdk/v2/pkg/client/client.go:766.152,772.9 4 0
github.com/optimizely/go-sdk/v2/pkg/client/client.go:772.9,777.23 4 0
github.com/optimizely/go-sdk/v2/pkg/client/client.go:778.25,779.49 1 0
github.com/optimizely/go-sdk/v2/pkg/client/client.go:780.24,781.59 1 0
github.com/optimizely/go-sdk/v2/pkg/client/client.go:782.25,783.54 1 0
github.com/optimizely/go-sdk/v2/pkg/client/client.go:784.22,786.60 2 0
github.com/optimizely/go-sdk/v2/pkg/client/client.go:788.3,788.15 1 0
github.com/optimizely/go-sdk/v2/pkg/client/client.go:788.15,790.4 1 0
github.com/optimizely/go-sdk/v2/pkg/client/client.go:792.3,800.92 4 0
github.com/optimizely/go-sdk/v2/pkg/client/client.go:800.92,802.4 1 0
github.com/optimizely/go-sdk/v2/pkg/client/client.go:805.2,805.39 1 0
github.com/optimizely/go-sdk/v2/pkg/client/client.go:809.178,815.16 5 0
github.com/optimizely/go-sdk/v2/pkg/client/client.go:815.16,818.3 2 0
github.com/optimizely/go-sdk/v2/pkg/client/client.go:820.2,820.38 1 0
github.com/optimizely/go-sdk/v2/pkg/client/client.go:820.38,822.3 1 0
github.com/optimizely/go-sdk/v2/pkg/client/client.go:824.2,825.20 2 0
github.com/optimizely/go-sdk/v2/pkg/client/client.go:825.20,828.3 2 0
github.com/optimizely/go-sdk/v2/pkg/client/client.go:830.2,832.40 2 0
github.com/optimizely/go-sdk/v2/pkg/client/client.go:832.40,835.14 2 0
github.com/optimizely/go-sdk/v2/pkg/client/client.go:835.14,836.69 1 0
github.com/optimizely/go-sdk/v2/pkg/client/client.go:836.69,838.5 1 0
github.com/optimizely/go-sdk/v2/pkg/client/client.go:841.3,843.34 3 0
github.com/optimizely/go-sdk/v2/pkg/client/client.go:846.2,846.33 1 0
github.com/optimizely/go-sdk/v2/pkg/client/client.go:846.33,851.96 3 0
github.com/optimizely/go-sdk/v2/pkg/client/client.go:851.96,853.4 1 0
github.com/optimizely/go-sdk/v2/pkg/client/client.go:855.2,855.48 1 0
github.com/optimizely/go-sdk/v2/pkg/client/client.go:861.197,868.16 6 0
github.com/optimizely/go-sdk/v2/pkg/client/client.go:868.16,871.3 2 0
github.com/optimizely/go-sdk/v2/pkg/client/client.go:873.2,873.38 1 0
github.com/optimizely/go-sdk/v2/pkg/client/client.go:873.38,878.53 2 0
github.com/optimizely/go-sdk/v2/pkg/client/client.go:878.53,881.4 2 0
github.com/optimizely/go-sdk/v2/pkg/client/client.go:884.3,884.23 1 0
github.com/optimizely/go-sdk/v2/pkg/client/client.go:884.23,887.165 1 0
github.com/optimizely/go-sdk/v2/pkg/client/client.go:887.165,889.5 1 0
github.com/optimizely/go-sdk/v2/pkg/client/client.go:893.2,894.20 2 0
github.com/optimizely/go-sdk/v2/pkg/client/client.go:894.20,897.3 2 0
github.com/optimizely/go-sdk/v2/pkg/client/client.go:899.2,901.40 2 0
github.com/optimizely/go-sdk/v2/pkg/client/client.go:901.40,904.27 2 0
github.com/optimizely/go-sdk/v2/pkg/client/client.go:904.27,905.69 1 0
github.com/optimizely/go-sdk/v2/pkg/client/client.go:905.69,907.5 1 0
github.com/optimizely/go-sdk/v2/pkg/client/client.go:907.10,909.5 1 0
github.com/optimizely/go-sdk/v2/pkg/client/client.go:912.3,914.47 3 0
github.com/optimizely/go-sdk/v2/pkg/client/client.go:917.2,917.33 1 0
github.com/optimizely/go-sdk/v2/pkg/client/client.go:917.33,922.96 3 0
github.com/optimizely/go-sdk/v2/pkg/client/client.go:922.96,924.4 1 0
github.com/optimizely/go-sdk/v2/pkg/client/client.go:926.2,926.40 1 0
github.com/optimizely/go-sdk/v2/pkg/client/client.go:930.158,935.16 4 0
github.com/optimizely/go-sdk/v2/pkg/client/client.go:935.16,937.3 1 0
github.com/optimizely/go-sdk/v2/pkg/client/client.go:938.2,939.23 2 0
github.com/optimizely/go-sdk/v2/pkg/client/client.go:943.124,945.15 1 0
github.com/optimizely/go-sdk/v2/pkg/client/client.go:945.15,946.31 1 0
github.com/optimizely/go-sdk/v2/pkg/client/client.go:946.31,947.25 1 0
github.com/optimizely/go-sdk/v2/pkg/client/client.go:948.15,949.12 1 0
github.com/optimizely/go-sdk/v2/pkg/client/client.go:950.16,951.24 1 0
github.com/optimizely/go-sdk/v2/pkg/client/client.go:952.12,953.41 1 0
github.com/optimizely/go-sdk/v2/pkg/client/client.go:955.4,957.41 3 0
github.com/optimizely/go-sdk/v2/pkg/client/client.go:961.2,965.16 4 0
github.com/optimizely/go-sdk/v2/pkg/client/client.go:965.16,967.3 1 0
github.com/optimizely/go-sdk/v2/pkg/client/client.go:969.2,969.41 1 0
github.com/optimizely/go-sdk/v2/pkg/client/client.go:969.41,971.3 1 0
github.com/optimizely/go-sdk/v2/pkg/client/client.go:973.2,973.20 1 0
github.com/optimizely/go-sdk/v2/pkg/client/client.go:978.131,980.15 1 0
github.com/optimizely/go-sdk/v2/pkg/client/client.go:980.15,981.31 1 0
github.com/optimizely/go-sdk/v2/pkg/client/client.go:981.31,982.25 1 0
github.com/optimizely/go-sdk/v2/pkg/client/client.go:983.15,984.12 1 0
github.com/optimizely/go-sdk/v2/pkg/client/client.go:985.16,986.24 1 0
github.com/optimizely/go-sdk/v2/pkg/client/client.go:987.12,988.41 1 0
github.com/optimizely/go-sdk/v2/pkg/client/client.go:990.4,992.41 3 0
github.com/optimizely/go-sdk/v2/pkg/client/client.go:996.2,1000.14 4 0
github.com/optimizely/go-sdk/v2/pkg/client/client.go:1000.14,1003.3 2 0
github.com/optimizely/go-sdk/v2/pkg/client/client.go:1005.2,1007.14 2 0
github.com/optimizely/go-sdk/v2/pkg/client/client.go:1007.14,1011.3 3 0
github.com/optimizely/go-sdk/v2/pkg/client/client.go:1013.2,1014.77 2 0
github.com/optimizely/go-sdk/v2/pkg/client/client.go:1014.77,1016.89 2 0
github.com/optimizely/go-sdk/v2/pkg/client/client.go:1016.89,1018.4 1 0
github.com/optimizely/go-sdk/v2/pkg/client/client.go:1021.2,1021.12 1 0
github.com/optimizely/go-sdk/v2/pkg/client/client.go:1024.216,1026.15 1 0
github.com/optimizely/go-sdk/v2/pkg/client/client.go:1026.15,1027.31 1 0
github.com/optimizely/go-sdk/v2/pkg/client/client.go:1027.31,1028.25 1 0
github.com/optimizely/go-sdk/v2/pkg/client/client.go:1029.15,1030.12 1 0
github.com/optimizely/go-sdk/v2/pkg/client/client.go:1031.16,1032.24 1 0
github.com/optimizely/go-sdk/v2/pkg/client/client.go:1033.12,1034.41 1 0
github.com/optimizely/go-sdk/v2/pkg/client/client.go:1036.4,1038.41 3 0
github.com/optimizely/go-sdk/v2/pkg/client/client.go:1042.2,1049.14 6 0
github.com/optimizely/go-sdk/v2/pkg/client/client.go:1049.14,1052.3 2 0
github.com/optimizely/go-sdk/v2/pkg/client/client.go:1054.2,1056.14 3 0
github.com/optimizely/go-sdk/v2/pkg/client/client.go:1056.14,1059.3 2 0
github.com/optimizely/go-sdk/v2/pkg/client/client.go:1061.2,1063.23 3 0
github.com/optimizely/go-sdk/v2/pkg/client/client.go:1063.23,1065.17 2 0
github.com/optimizely/go-sdk/v2/pkg/client/client.go:1065.17,1068.4 2 0
github.com/optimizely/go-sdk/v2/pkg/client/client.go:1071.2,1074.16 4 0
github.com/optimizely/go-sdk/v2/pkg/client/client.go:1074.16,1077.3 2 0
github.com/optimizely/go-sdk/v2/pkg/client/client.go:1079.2,1079.46 1 0
github.com/optimizely/go-sdk/v2/pkg/client/client.go:1082.218,1090.14 6 0
github.com/optimizely/go-sdk/v2/pkg/client/client.go:1090.14,1092.3 1 0
github.com/optimizely/go-sdk/v2/pkg/client/client.go:1094.2,1095.14 2 0
github.com/optimizely/go-sdk/v2/pkg/client/client.go:1095.14,1098.3 2 0
github.com/optimizely/go-sdk/v2/pkg/client/client.go:1100.2,1108.16 4 0
github.com/optimizely/go-sdk/v2/pkg/client/client.go:1108.16,1111.3 2 0
github.com/optimizely/go-sdk/v2/pkg/client/client.go:1113.2,1113.41 1 0
github.com/optimizely/go-sdk/v2/pkg/client/client.go:1113.41,1116.3 2 0
github.com/optimizely/go-sdk/v2/pkg/client/client.go:1116.8,1118.3 1 0
github.com/optimizely/go-sdk/v2/pkg/client/client.go:1120.2,1120.49 1 0
github.com/optimizely/go-sdk/v2/pkg/client/client.go:1124.188,1125.33 1 0
github.com/optimizely/go-sdk/v2/pkg/client/client.go:1125.33,1127.3 1 0
github.com/optimizely/go-sdk/v2/pkg/client/client.go:1129.2,1129.39 1 0
github.com/optimizely/go-sdk/v2/pkg/client/client.go:1129.39,1131.76 2 0
github.com/optimizely/go-sdk/v2/pkg/client/client.go:1131.76,1132.92 1 0
github.com/optimizely/go-sdk/v2/pkg/client/client.go:1132.92,1135.5 2 0
github.com/optimizely/go-sdk/v2/pkg/client/client.go:1137.3,1137.15 1 0
github.com/optimizely/go-sdk/v2/pkg/client/client.go:1137.15,1139.4 1 0
github.com/optimizely/go-sdk/v2/pkg/client/client.go:1141.2,1142.16 2 0
github.com/optimizely/go-sdk/v2/pkg/client/client.go:1142.16,1145.3 2 0
github.com/optimizely/go-sdk/v2/pkg/client/client.go:1146.2,1146.16 1 0
github.com/optimizely/go-sdk/v2/pkg/client/client.go:1150.56,1151.33 1 0
github.com/optimizely/go-sdk/v2/pkg/client/client.go:1151.33,1153.3 1 0
github.com/optimizely/go-sdk/v2/pkg/client/client.go:1154.2,1154.83 1 0
github.com/optimizely/go-sdk/v2/pkg/client/client.go:1154.83,1157.3 2 0
github.com/optimizely/go-sdk/v2/pkg/client/client.go:1158.2,1158.12 1 0
github.com/optimizely/go-sdk/v2/pkg/client/client.go:1161.132,1163.22 2 0
github.com/optimizely/go-sdk/v2/pkg/client/client.go:1164.24,1165.49 1 0
github.com/optimizely/go-sdk/v2/pkg/client/client.go:1166.23,1167.54 1 0
github.com/optimizely/go-sdk/v2/pkg/client/client.go:1168.24,1169.44 1 0
github.com/optimizely/go-sdk/v2/pkg/client/client.go:1170.21,1173.37 3 0
github.com/optimizely/go-sdk/v2/pkg/client/client.go:1174.23,1174.23 0 0
github.com/optimizely/go-sdk/v2/pkg/client/client.go:1175.10,1176.86 1 0
github.com/optimizely/go-sdk/v2/pkg/client/client.go:1178.2,1178.28 1 0
github.com/optimizely/go-sdk/v2/pkg/client/client.go:1181.95,1185.28 3 0
github.com/optimizely/go-sdk/v2/pkg/client/client.go:1185.28,1187.3 1 0
github.com/optimizely/go-sdk/v2/pkg/client/client.go:1188.2,1189.16 2 0
github.com/optimizely/go-sdk/v2/pkg/client/client.go:1189.16,1191.3 1 0
github.com/optimizely/go-sdk/v2/pkg/client/client.go:1193.2,1193.27 1 0
github.com/optimizely/go-sdk/v2/pkg/client/client.go:1196.82,1207.2 1 1
github.com/optimizely/go-sdk/v2/pkg/client/client.go:1210.94,1214.2 3 0
github.com/optimizely/go-sdk/v2/pkg/client/client.go:1217.72,1219.2 1 0
github.com/optimizely/go-sdk/v2/pkg/client/client.go:1222.36,1224.2 1 0
github.com/optimizely/go-sdk/v2/pkg/client/client.go:1226.178,1233.40 5 0
github.com/optimizely/go-sdk/v2/pkg/client/client.go:1233.40,1236.21 2 0
github.com/optimizely/go-sdk/v2/pkg/client/client.go:1236.21,1237.53 1 0
github.com/optimizely/go-sdk/v2/pkg/client/client.go:1237.53,1239.5 1 0
github.com/optimizely/go-sdk/v2/pkg/client/client.go:1242.3,1243.24 2 0
github.com/optimizely/go-sdk/v2/pkg/client/client.go:1243.24,1245.4 1 0
github.com/optimizely/go-sdk/v2/pkg/client/client.go:1246.3,1246.32 1 0
github.com/optimizely/go-sdk/v2/pkg/client/client.go:1249.2,1249.27 1 0
github.com/optimizely/go-sdk/v2/pkg/client/client.go:1252.32,1254.2 1 0
github.com/optimizely/go-sdk/v2/pkg/client/client.go:1256.132,1270.2 2 1
github.com/optimizely/go-sdk/v2/pkg/client/factory.go:73.92,79.36 3 0
github.com/optimizely/go-sdk/v2/pkg/client/factory.go:79.36,81.3 1 0
github.com/optimizely/go-sdk/v2/pkg/client/factory.go:83.2,83.67 1 0
github.com/optimizely/go-sdk/v2/pkg/client/factory.go:83.67,85.3 1 0
github.com/optimizely/go-sdk/v2/pkg/client/factory.go:87.2,88.30 2 0
github.com/optimizely/go-sdk/v2/pkg/client/factory.go:88.30,90.3 1 0
github.com/optimizely/go-sdk/v2/pkg/client/factory.go:90.8,92.3 1 0
github.com/optimizely/go-sdk/v2/pkg/client/factory.go:94.2,95.18 2 0
github.com/optimizely/go-sdk/v2/pkg/client/factory.go:95.18,97.3 1 0
github.com/optimizely/go-sdk/v2/pkg/client/factory.go:97.8,99.3 1 0
github.com/optimizely/go-sdk/v2/pkg/client/factory.go:101.2,102.35 2 0
github.com/optimizely/go-sdk/v2/pkg/client/factory.go:102.35,104.3 1 0
github.com/optimizely/go-sdk/v2/pkg/client/factory.go:104.8,106.3 1 0
github.com/optimizely/go-sdk/v2/pkg/client/factory.go:108.2,116.33 3 0
github.com/optimizely/go-sdk/v2/pkg/client/factory.go:116.33,118.3 1 0
github.com/optimizely/go-sdk/v2/pkg/client/factory.go:118.8,120.3 1 0
github.com/optimizely/go-sdk/v2/pkg/client/factory.go:122.2,122.21 1 0
github.com/optimizely/go-sdk/v2/pkg/client/factory.go:122.21,124.3 1 0
github.com/optimizely/go-sdk/v2/pkg/client/factory.go:124.8,126.3 1 0
github.com/optimizely/go-sdk/v2/pkg/client/factory.go:128.2,128.28 1 0
github.com/optimizely/go-sdk/v2/pkg/client/factory.go:128.28,130.3 1 0
github.com/optimizely/go-sdk/v2/pkg/client/factory.go:130.8,136.3 1 0
github.com/optimizely/go-sdk/v2/pkg/client/factory.go:138.2,138.29 1 0
github.com/optimizely/go-sdk/v2/pkg/client/factory.go:138.29,140.3 1 0
github.com/optimizely/go-sdk/v2/pkg/client/factory.go:140.8,144.31 2 0
github.com/optimizely/go-sdk/v2/pkg/client/factory.go:144.31,146.4 1 0
github.com/optimizely/go-sdk/v2/pkg/client/factory.go:147.3,148.84 2 0
github.com/optimizely/go-sdk/v2/pkg/client/factory.go:151.2,151.33 1 0
github.com/optimizely/go-sdk/v2/pkg/client/factory.go:151.33,153.3 1 0
github.com/optimizely/go-sdk/v2/pkg/client/factory.go:155.2,155.30 1 0
github.com/optimizely/go-sdk/v2/pkg/client/factory.go:155.30,157.3 1 0
github.com/optimizely/go-sdk/v2/pkg/client/factory.go:157.8,159.34 2 0
github.com/optimizely/go-sdk/v2/pkg/client/factory.go:159.34,161.4 1 0
github.com/optimizely/go-sdk/v2/pkg/client/factory.go:162.3,162.29 1 0
github.com/optimizely/go-sdk/v2/pkg/client/factory.go:162.29,164.4 1 0
github.com/optimizely/go-sdk/v2/pkg/client/factory.go:166.3,166.54 1 0
github.com/optimizely/go-sdk/v2/pkg/client/factory.go:166.54,168.4 1 0
github.com/optimizely/go-sdk/v2/pkg/client/factory.go:169.3,171.47 3 0
github.com/optimizely/go-sdk/v2/pkg/client/factory.go:175.2,175.99 1 0
github.com/optimizely/go-sdk/v2/pkg/client/factory.go:175.99,177.3 1 0
github.com/optimizely/go-sdk/v2/pkg/client/factory.go:179.2,179.85 1 0
github.com/optimizely/go-sdk/v2/pkg/client/factory.go:179.85,181.3 1 0
github.com/optimizely/go-sdk/v2/pkg/client/factory.go:185.2,188.23 3 0
github.com/optimizely/go-sdk/v2/pkg/client/factory.go:192.69,193.36 1 0
github.com/optimizely/go-sdk/v2/pkg/client/factory.go:193.36,195.3 1 0
github.com/optimizely/go-sdk/v2/pkg/client/factory.go:199.94,200.36 1 0
github.com/optimizely/go-sdk/v2/pkg/client/factory.go:200.36,203.3 1 0
github.com/optimizely/go-sdk/v2/pkg/client/factory.go:207.141,208.36 1 0
github.com/optimizely/go-sdk/v2/pkg/client/factory.go:208.36,211.3 1 0
github.com/optimizely/go-sdk/v2/pkg/client/factory.go:216.62,217.36 1 0
github.com/optimizely/go-sdk/v2/pkg/client/factory.go:217.36,219.3 1 0
github.com/optimizely/go-sdk/v2/pkg/client/factory.go:224.78,225.36 1 0
github.com/optimizely/go-sdk/v2/pkg/client/factory.go:225.36,227.3 1 0
github.com/optimizely/go-sdk/v2/pkg/client/factory.go:232.47,233.36 1 0
github.com/optimizely/go-sdk/v2/pkg/client/factory.go:233.36,235.3 1 0
github.com/optimizely/go-sdk/v2/pkg/client/factory.go:239.56,240.36 1 0
github.com/optimizely/go-sdk/v2/pkg/client/factory.go:240.36,242.3 1 0
github.com/optimizely/go-sdk/v2/pkg/client/factory.go:246.78,247.36 1 0
github.com/optimizely/go-sdk/v2/pkg/client/factory.go:247.36,249.3 1 0
github.com/optimizely/go-sdk/v2/pkg/client/factory.go:253.71,254.36 1 0
github.com/optimizely/go-sdk/v2/pkg/client/factory.go:254.36,256.3 1 0
github.com/optimizely/go-sdk/v2/pkg/client/factory.go:260.90,261.36 1 0
github.com/optimizely/go-sdk/v2/pkg/client/factory.go:261.36,263.3 1 0
github.com/optimizely/go-sdk/v2/pkg/client/factory.go:267.88,268.36 1 0
github.com/optimizely/go-sdk/v2/pkg/client/factory.go:268.36,270.3 1 0
github.com/optimizely/go-sdk/v2/pkg/client/factory.go:274.89,275.36 1 0
github.com/optimizely/go-sdk/v2/pkg/client/factory.go:275.36,277.3 1 0
github.com/optimizely/go-sdk/v2/pkg/client/factory.go:281.96,282.36 1 0
github.com/optimizely/go-sdk/v2/pkg/client/factory.go:282.36,285.3 1 0
github.com/optimizely/go-sdk/v2/pkg/client/factory.go:289.68,290.36 1 0
github.com/optimizely/go-sdk/v2/pkg/client/factory.go:290.36,292.3 1 0
github.com/optimizely/go-sdk/v2/pkg/client/factory.go:296.71,297.36 1 0
github.com/optimizely/go-sdk/v2/pkg/client/factory.go:297.36,299.3 1 0
github.com/optimizely/go-sdk/v2/pkg/client/factory.go:303.50,304.36 1 0
github.com/optimizely/go-sdk/v2/pkg/client/factory.go:304.36,306.3 1 0
github.com/optimizely/go-sdk/v2/pkg/client/factory.go:310.71,311.36 1 0
github.com/optimizely/go-sdk/v2/pkg/client/factory.go:311.36,313.3 1 0
github.com/optimizely/go-sdk/v2/pkg/client/factory.go:317.64,318.36 1 0
github.com/optimizely/go-sdk/v2/pkg/client/factory.go:318.36,320.3 1 0
github.com/optimizely/go-sdk/v2/pkg/client/factory.go:324.51,325.36 1 0
github.com/optimizely/go-sdk/v2/pkg/client/factory.go:325.36,327.3 1 0
github.com/optimizely/go-sdk/v2/pkg/client/factory.go:331.56,332.36 1 0
github.com/optimizely/go-sdk/v2/pkg/client/factory.go:332.36,334.3 1 0
github.com/optimizely/go-sdk/v2/pkg/client/factory.go:338.87,342.26 2 0
github.com/optimizely/go-sdk/v2/pkg/client/factory.go:342.26,344.3 1 0
github.com/optimizely/go-sdk/v2/pkg/client/factory.go:346.2,351.25 2 0
github.com/optimizely/go-sdk/v2/pkg/client/factory.go:354.79,361.33 4 0
github.com/optimizely/go-sdk/v2/pkg/client/factory.go:361.33,363.3 1 0
github.com/optimizely/go-sdk/v2/pkg/client/factory.go:366.2,366.30 1 0
github.com/optimizely/go-sdk/v2/pkg/client/factory.go:366.30,368.3 1 0
github.com/optimizely/go-sdk/v2/pkg/client/factory.go:371.95,373.19 1 0
github.com/optimizely/go-sdk/v2/pkg/client/factory.go:373.19,375.3 1 0
github.com/optimizely/go-sdk/v2/pkg/client/factory.go:377.2,378.9 2 0
github.com/optimizely/go-sdk/v2/pkg/client/factory.go:378.9,380.3 1 0
github.com/optimizely/go-sdk/v2/pkg/client/factory.go:383.2,383.34 1 0
github.com/optimizely/go-sdk/v2/pkg/client/factory.go:383.34,385.3 1 0
github.com/optimizely/go-sdk/v2/pkg/client/factory.go:388.2,388.78 1 0
github.com/optimizely/go-sdk/v2/pkg/client/factory.go:388.78,390.3 1 0
github.com/optimizely/go-sdk/v2/pkg/client/factory.go:393.2,393.78 1 0
github.com/optimizely/go-sdk/v2/pkg/client/factory.go:393.78,394.82 1 0
github.com/optimizely/go-sdk/v2/pkg/client/factory.go:394.82,399.36 4 0
github.com/optimizely/go-sdk/v2/pkg/client/factory.go:399.36,402.5 2 0
github.com/optimizely/go-sdk/v2/pkg/client/factory.go:406.2,406.64 1 0
github.com/optimizely/go-sdk/v2/pkg/client/factory.go:409.85,411.33 2 0
github.com/optimizely/go-sdk/v2/pkg/client/factory.go:411.33,412.17 1 0
github.com/optimizely/go-sdk/v2/pkg/client/factory.go:413.36,414.44 1 0
github.com/optimizely/go-sdk/v2/pkg/client/factory.go:415.32,416.40 1 0
github.com/optimizely/go-sdk/v2/pkg/client/factory.go:417.40,418.48 1 0
github.com/optimizely/go-sdk/v2/pkg/client/factory.go:419.30,420.38 1 0
github.com/optimizely/go-sdk/v2/pkg/client/factory.go:421.32,422.40 1 0
github.com/optimizely/go-sdk/v2/pkg/client/factory.go:423.31,424.39 1 0
github.com/optimizely/go-sdk/v2/pkg/client/factory.go:425.30,426.38 1 0
github.com/optimizely/go-sdk/v2/pkg/client/factory.go:427.39,428.47 1 0
github.com/optimizely/go-sdk/v2/pkg/client/factory.go:431.2,431.22 1 0
github.com/optimizely/go-sdk/v2/pkg/client/optimizely_decision.go:44.22,55.2 1 0
github.com/optimizely/go-sdk/v2/pkg/client/optimizely_decision.go:58.93,66.2 1 0
github.com/optimizely/go-sdk/v2/pkg/client/optimizely_user_context.go:43.219,45.23 1 1
github.com/optimizely/go-sdk/v2/pkg/client/optimizely_user_context.go:45.23,47.3 1 0
github.com/optimizely/go-sdk/v2/pkg/client/optimizely_user_context.go:48.2,57.3 3 1
github.com/optimizely/go-sdk/v2/pkg/client/optimizely_user_context.go:61.66,63.2 1 0
github.com/optimizely/go-sdk/v2/pkg/client/optimizely_user_context.go:66.51,68.2 1 0
github.com/optimizely/go-sdk/v2/pkg/client/optimizely_user_context.go:71.75,75.2 3 0
github.com/optimizely/go-sdk/v2/pkg/client/optimizely_user_context.go:78.65,82.2 3 0
github.com/optimizely/go-sdk/v2/pkg/client/optimizely_user_context.go:84.94,85.36 1 0
github.com/optimizely/go-sdk/v2/pkg/client/optimizely_user_context.go:85.36,87.3 1 0
github.com/optimizely/go-sdk/v2/pkg/client/optimizely_user_context.go:88.2,88.12 1 0
github.com/optimizely/go-sdk/v2/pkg/client/optimizely_user_context.go:92.77,95.25 3 0
github.com/optimizely/go-sdk/v2/pkg/client/optimizely_user_context.go:95.25,97.3 1 0
github.com/optimizely/go-sdk/v2/pkg/client/optimizely_user_context.go:98.2,98.27 1 0
github.com/optimizely/go-sdk/v2/pkg/client/optimizely_user_context.go:102.120,103.68 1 0
github.com/optimizely/go-sdk/v2/pkg/client/optimizely_user_context.go:103.68,105.3 1 0
github.com/optimizely/go-sdk/v2/pkg/client/optimizely_user_context.go:106.2,106.8 1 0
github.com/optimizely/go-sdk/v2/pkg/client/optimizely_user_context.go:110.139,112.2 1 0
github.com/optimizely/go-sdk/v2/pkg/client/optimizely_user_context.go:115.82,119.2 3 0
github.com/optimizely/go-sdk/v2/pkg/client/optimizely_user_context.go:122.69,127.2 2 0
github.com/optimizely/go-sdk/v2/pkg/client/optimizely_user_context.go:131.113,135.12 3 0
github.com/optimizely/go-sdk/v2/pkg/client/optimizely_user_context.go:135.12,137.3 1 0
github.com/optimizely/go-sdk/v2/pkg/client/optimizely_user_context.go:138.2,138.17 1 0
github.com/optimizely/go-sdk/v2/pkg/client/optimizely_user_context.go:142.115,149.2 4 0
github.com/optimizely/go-sdk/v2/pkg/client/optimizely_user_context.go:152.134,159.2 4 0
github.com/optimizely/go-sdk/v2/pkg/client/optimizely_user_context.go:163.107,169.2 2 0
github.com/optimizely/go-sdk/v2/pkg/client/optimizely_user_context.go:173.146,174.36 1 0
github.com/optimizely/go-sdk/v2/pkg/client/optimizely_user_context.go:174.36,176.3 1 0
github.com/optimizely/go-sdk/v2/pkg/client/optimizely_user_context.go:177.2,177.65 1 0
github.com/optimizely/go-sdk/v2/pkg/client/optimizely_user_context.go:181.140,182.36 1 0
github.com/optimizely/go-sdk/v2/pkg/client/optimizely_user_context.go:182.36,184.3 1 0
github.com/optimizely/go-sdk/v2/pkg/client/optimizely_user_context.go:185.2,185.55 1 0
github.com/optimizely/go-sdk/v2/pkg/client/optimizely_user_context.go:189.102,190.36 1 0
github.com/optimizely/go-sdk/v2/pkg/client/optimizely_user_context.go:190.36,192.3 1 0
github.com/optimizely/go-sdk/v2/pkg/client/optimizely_user_context.go:193.2,193.58 1 0
github.com/optimizely/go-sdk/v2/pkg/client/optimizely_user_context.go:197.65,198.36 1 0
github.com/optimizely/go-sdk/v2/pkg/client/optimizely_user_context.go:198.36,200.3 1 0
github.com/optimizely/go-sdk/v2/pkg/client/optimizely_user_context.go:201.2,201.59 1 0
github.com/optimizely/go-sdk/v2/pkg/client/optimizely_user_context.go:204.100,205.23 1 1
github.com/optimizely/go-sdk/v2/pkg/client/optimizely_user_context.go:205.23,207.32 2 1
github.com/optimizely/go-sdk/v2/pkg/client/optimizely_user_context.go:207.32,209.4 1 1
github.com/optimizely/go-sdk/v2/pkg/client/optimizely_user_context.go:211.2,211.23 1 1
github.com/optimizely/go-sdk/v2/pkg/client/optimizely_user_context.go:214.89,215.30 1 1
github.com/optimizely/go-sdk/v2/pkg/client/optimizely_user_context.go:215.30,217.3 1 1
github.com/optimizely/go-sdk/v2/pkg/client/optimizely_user_context.go:218.2,220.8 3 0
github.com/optimizely/go-sdk/v2/pkg/client/optimizely_user_context.go:223.119,225.41 2 0
github.com/optimizely/go-sdk/v2/pkg/client/optimizely_user_context.go:225.41,226.44 1 0
github.com/optimizely/go-sdk/v2/pkg/client/optimizely_user_context.go:226.44,228.4 1 0
github.com/optimizely/go-sdk/v2/pkg/client/optimizely_user_context.go:230.2,230.25 1 0
